<?xml version="1.0" encoding="UTF-8"?>
<!-- Generated by org.testng.reporters.JUnitReportReporter -->
<testsuite hostname="Pujitha-PC" failures="0" tests="1" name="VeevaSystems.NBA.Warriors.TestCase2CP" time="10.492" errors="0" timestamp="2025-05-17T18:07:46 IST" skipped="0">
  <testcase classname="VeevaSystems.NBA.Warriors.TestCase2CP" name="findVideosCountAndVideosAgingMoreThan3Days" time="10.492"/>
</testsuite> <!-- VeevaSystems.NBA.Warriors.TestCase2CP -->
