<?xml version="1.0" encoding="UTF-8"?>
<!-- Generated by org.testng.reporters.JUnitReportReporter -->
<testsuite hostname="GWSRM13" failures="0" tests="1" name="cloudBees.tests.TestCase" time="19.040" errors="0" timestamp="2025-05-19T19:32:00 IST" skipped="0">
  <testcase classname="cloudBees.tests.TestCase" name="testCloudBeesAssesment" time="19.040"/>
  <system-out/>
</testsuite> <!-- cloudBees.tests.TestCase -->
