<?xml version="1.0" encoding="UTF-8"?>
<!-- Generated by org.testng.reporters.JUnitReportReporter -->
<testsuite hostname="GWSRM13" failures="0" tests="1" name="cloudBees.tests.TestCase2_GIT" time="41.890" errors="0" timestamp="2025-05-25T14:33:13 IST" skipped="0">
  <testcase classname="cloudBees.tests.TestCase2_GIT" name="updateFileInGitRepo" time="41.890"/>
  <system-out/>
</testsuite> <!-- cloudBees.tests.TestCase2_GIT -->
