<?xml version="1.0" encoding="UTF-8"?>
<!-- Generated by org.testng.reporters.JUnitReportReporter -->
<testsuite hostname="GWSRM13" failures="0" tests="1" name="cloudBees.tests.TestCase1" time="19.494" errors="0" timestamp="2025-05-25T14:17:34 IST" skipped="0">
  <testcase classname="cloudBees.tests.TestCase1" name="testCloudBeesAssesment" time="19.494"/>
  <system-out/>
</testsuite> <!-- cloudBees.tests.TestCase1 -->
