<?xml version="1.0" encoding="UTF-8"?>
<!-- Generated by org.testng.reporters.JUnitReportReporter -->
<testsuite hostname="GWSRM13" failures="0" tests="1" name="cloudBees.tests.TestCase" time="12.028" errors="0" timestamp="2025-05-25T12:55:11 IST" skipped="0">
  <testcase classname="cloudBees.tests.TestCase" name="testCloudBeesAssesment" time="12.028"/>
  <system-out/>
</testsuite> <!-- cloudBees.tests.TestCase -->
