<?xml version="1.0" encoding="UTF-8"?>
<!-- Generated by org.testng.reporters.JUnitReportReporter -->
<testsuite skipped="0" hostname="GWSRM13" name="VeevaSystems.NBA.Warriors.Test1" tests="1" failures="0" timestamp="2022-06-18T15:11:25 IST" time="21.014" errors="0">
  <testcase name="validatePublishFailsUponUsingLongArticleTitle" time="21.014" classname="VeevaSystems.NBA.Warriors.Test1"/>
  <system-out/>
</testsuite> <!-- VeevaSystems.NBA.Warriors.Test1 -->
