<?xml version="1.0" encoding="UTF-8"?>
<!-- Generated by org.testng.reporters.JUnitReportReporter -->
<testsuite hostname="GWSRM13" name="VeevaSystems.NBA.Warriors.TestCase2CP" tests="1" failures="0" timestamp="11 Dec 2024 12:48:57 GMT" time="20.079" errors="0">
  <testcase name="findVideosCountAndVideosAgingMoreThan3Days" time="20.079" classname="VeevaSystems.NBA.Warriors.TestCase2CP"/>
</testsuite> <!-- VeevaSystems.NBA.Warriors.TestCase2CP -->
